<?xml version="1.0" encoding="UTF-8"?>
<!-- Generated by org.testng.reporters.JUnitReportReporter -->
<testsuite hostname="LAPTOP-1N1MM0JD" failures="0" tests="5" name="testngpkg.Testngdemo" time="0.026" errors="0" timestamp="2023-03-23T16:34:13 IST" skipped="0">
  <testcase classname="testngpkg.Testngdemo" name="test2" time="0.003"/>
  <system-out/>
  <testcase classname="testngpkg.Testngdemo" name="test3" time="0.002"/>
  <system-out/>
  <testcase classname="testngpkg.Testngdemo" name="test1" time="0.013"/>
  <system-out/>
  <testcase classname="testngpkg.Testngdemo" name="test5" time="0.005"/>
  <system-out/>
  <testcase classname="testngpkg.Testngdemo" name="test4" time="0.003"/>
  <system-out/>
</testsuite> <!-- testngpkg.Testngdemo -->
