<?xml version="1.0" encoding="UTF-8"?>
<!-- Generated by org.testng.reporters.JUnitReportReporter -->
<testsuite hostname="LAPTOP-1N1MM0JD" failures="0" tests="1" name="testngpkg.Screenshotpgm" time="3.319" errors="0" timestamp="2023-03-27T15:23:16 IST" skipped="0">
  <testcase classname="testngpkg.Screenshotpgm" name="scrnsht" time="3.319"/>
  <system-out/>
</testsuite> <!-- testngpkg.Screenshotpgm -->
