<?xml version="1.0" encoding="UTF-8"?>
<!-- Generated by org.testng.reporters.JUnitReportReporter -->
<testsuite hostname="LAPTOP-1N1MM0JD" failures="0" tests="1" name="testngpkg.Demoguru" time="10.549" errors="0" timestamp="2023-03-25T10:38:37 IST" skipped="0">
  <testcase classname="testngpkg.Demoguru" name="guru" time="10.549"/>
  <system-out/>
</testsuite> <!-- testngpkg.Demoguru -->
