<?xml version="1.0" encoding="UTF-8"?>
<!-- Generated by org.testng.reporters.JUnitReportReporter -->
<testsuite hostname="LAPTOP-1N1MM0JD" failures="0" tests="1" name="test.Fblogintest" time="0.528" errors="0" timestamp="2023-04-05T11:32:42 IST" skipped="0">
  <testcase classname="test.Fblogintest" name="test1" time="0.528"/>
  <system-out/>
</testsuite> <!-- test.Fblogintest -->
