<?xml version="1.0" encoding="UTF-8"?>
<!-- Generated by org.testng.reporters.JUnitReportReporter -->
<testsuite hostname="LAPTOP-1N1MM0JD" failures="0" tests="1" name="testngpkg.Windowhandler" time="8.837" errors="0" timestamp="2023-04-05T16:23:37 IST" skipped="0">
  <testcase classname="testngpkg.Windowhandler" name="test" time="8.837"/>
  <system-out/>
</testsuite> <!-- testngpkg.Windowhandler -->
