<?xml version="1.0" encoding="UTF-8"?>
<!-- Generated by org.testng.reporters.JUnitReportReporter -->
<testsuite hostname="LAPTOP-1N1MM0JD" failures="0" tests="1" name="testngpkg.Buttontext" time="4.092" errors="0" timestamp="2023-03-25T10:11:34 IST" skipped="0">
  <testcase classname="testngpkg.Buttontext" name="Buttontext" time="4.092"/>
  <system-out/>
</testsuite> <!-- testngpkg.Buttontext -->
