<?xml version="1.0" encoding="UTF-8"?>
<!-- Generated by org.testng.reporters.JUnitReportReporter -->
<testsuite hostname="LAPTOP-1N1MM0JD" failures="0" tests="1" name="testngpkg.Draganddrop" time="24.829" errors="0" timestamp="2023-03-24T10:03:29 IST" skipped="0">
  <testcase classname="testngpkg.Draganddrop" name="draganddrop" time="24.829"/>
  <system-out/>
</testsuite> <!-- testngpkg.Draganddrop -->
