<?xml version="1.0" encoding="UTF-8"?>
<!-- Generated by org.testng.reporters.JUnitReportReporter -->
<testsuite hostname="LAPTOP-1N1MM0JD" failures="0" tests="1" name="test.Vrhomepagetest" time="1.259" errors="0" timestamp="2023-04-05T15:42:32 IST" skipped="0">
  <testcase classname="test.Vrhomepagetest" name="test1" time="1.259"/>
  <system-out/>
</testsuite> <!-- test.Vrhomepagetest -->
