<?xml version="1.0" encoding="UTF-8"?>
<!-- Generated by org.testng.reporters.JUnitReportReporter -->
<testsuite hostname="LAPTOP-1N1MM0JD" failures="0" tests="1" name="testngpkg.Parametertest" time="8.522" errors="0" timestamp="2023-03-28T15:53:28 IST" skipped="0">
  <testcase classname="testngpkg.Parametertest" name="test1" time="8.522"/>
  <system-out/>
</testsuite> <!-- testngpkg.Parametertest -->
