<?xml version="1.0" encoding="UTF-8"?>
<!-- Generated by org.testng.reporters.JUnitReportReporter -->
<testsuite hostname="LAPTOP-1N1MM0JD" failures="0" tests="1" name="testngpkg.Copypaste" time="2.819" errors="0" timestamp="2023-03-23T16:35:47 IST" skipped="0">
  <testcase classname="testngpkg.Copypaste" name="logotest" time="2.819"/>
  <system-out/>
</testsuite> <!-- testngpkg.Copypaste -->
