<?xml version="1.0" encoding="UTF-8"?>
<!-- Generated by org.testng.reporters.JUnitReportReporter -->
<testsuite hostname="LAPTOP-1N1MM0JD" failures="0" tests="1" name="test.Fbcreatepagetest" time="3.317" errors="0" timestamp="2023-04-05T11:32:42 IST" skipped="0">
  <testcase classname="test.Fbcreatepagetest" name="test2" time="3.317"/>
  <system-out/>
</testsuite> <!-- test.Fbcreatepagetest -->
