<?xml version="1.0" encoding="UTF-8"?>
<!-- Generated by org.testng.reporters.JUnitReportReporter -->
<testsuite hostname="LAPTOP-1N1MM0JD" failures="0" tests="1" name="testngpkg.Fileuploadpgm" time="8.251" errors="0" timestamp="2023-03-25T15:59:59 IST" skipped="0">
  <testcase classname="testngpkg.Fileuploadpgm" name="fileuploadpgm" time="8.251"/>
  <system-out/>
</testsuite> <!-- testngpkg.Fileuploadpgm -->
